2018-05-31 14:58:52,168 INFO    : Starting install all EFK 
2018-05-31 14:58:52,693 ERROR   : Kubernetes Cluster exists EFK, Please do not repeat the installation
2018-05-31 14:58:52,694 ERROR   : Install EFK failure,Please check the unload retry
2018-05-31 14:58:59,273 INFO    : Starting install all EFK 
2018-05-31 14:58:59,814 ERROR   : Kubernetes Cluster exists EFK, Please do not repeat the installation
2018-05-31 14:58:59,821 ERROR   : Install EFK failure,Please check the unload retry
2018-05-31 15:01:02,133 INFO    : Starting install all EFK 
2018-05-31 15:01:02,706 ERROR   : Kubernetes Cluster exists EFK namespace, Please do not repeat the installation
2018-05-31 15:01:02,706 ERROR   : Install EFK failure,Please check the unload retry
2018-05-31 15:03:52,255 INFO    : Starting install all EFK 
2018-05-31 15:03:52,535 INFO    : Starting creating kub-efk namespaces
2018-05-31 15:03:52,859 INFO    : Creating kube-efk namespace success
2018-05-31 15:03:52,860 INFO    : Starting installing elasticsearch cluster
2018-05-31 15:03:55,134 INFO    : Installing elasticsearch cluster success
2018-05-31 15:03:55,135 INFO    : Starting checking elasticsearch cluster health
2018-05-31 15:04:56,327 INFO    : Elasticsearch cluster already in a state of health
2018-05-31 15:04:56,328 INFO    : Starting installing fluent cluster
2018-05-31 15:05:02,117 INFO    : Installing fluent cluster success
2018-05-31 15:05:02,117 INFO    : Starting checking fluent cluster health
2018-05-31 15:06:03,259 INFO    : Fluent cluster already in a state of health
2018-05-31 15:06:03,259 INFO    : Starting installing Kibana 
2018-05-31 15:06:04,895 INFO    : Installing kibana success
2018-05-31 15:06:04,895 INFO    : Starting checking kibana health
2018-05-31 15:06:04,895 INFO    : It takes about 10 minutes,Please be patient
2018-05-31 15:06:04,896 INFO    : At present, the maximum test time is 10 minutes
2018-05-31 15:06:04,896 INFO    : If 10 minutes are still not successful, please check the performance of the machine.
2018-05-31 15:14:16,955 INFO    : Kibana already in a state of health
2018-05-31 15:14:16,955 INFO    : Congratulate,Install all EFK success
2018-05-31 15:23:50,696 INFO    : Starting install all EFK 
2018-05-31 15:23:51,335 ERROR   : Kubernetes Cluster exists EFK namespace, Please do not repeat the installation
2018-05-31 15:23:51,335 ERROR   : Install EFK failure,Please check the unload retry
2018-05-31 15:39:33,438 INFO    : Starting install all EFK 
2018-05-31 15:39:33,758 INFO    : Starting creating kub-efk namespaces
2018-05-31 15:39:34,093 INFO    : Creating kube-efk namespace success
2018-05-31 15:39:34,093 ERROR   : Elasticsearch Node iP is illegal
2018-05-31 15:39:34,093 ERROR   : Install EFK failure,Please check the unload retry
2018-05-31 15:39:54,182 INFO    : Starting install all EFK 
2018-05-31 15:39:54,892 ERROR   : Kubernetes Cluster exists EFK namespace, Please do not repeat the installation
2018-05-31 15:39:54,892 ERROR   : Install EFK failure,Please check the unload retry
2018-05-31 15:54:37,329 INFO    : Starting install all EFK 
2018-05-31 15:54:37,335 ERROR   : Elasticsearch Node iP is illegal
2018-05-31 15:54:37,335 ERROR   : Install EFK config is illegal
2018-05-31 15:54:41,941 INFO    : Starting install all EFK 
2018-05-31 15:54:41,942 ERROR   : Elasticsearch Node iP is illegal
2018-05-31 15:54:41,942 ERROR   : Install EFK config is illegal
2018-05-31 15:54:44,105 INFO    : Starting install all EFK 
2018-05-31 15:54:44,105 ERROR   : Elasticsearch Node iP is illegal
2018-05-31 15:54:44,105 ERROR   : Install EFK config is illegal
2018-05-31 15:55:08,401 INFO    : Starting install all EFK 
2018-05-31 15:55:10,924 ERROR   : Kubernetes Cluster exists EFK namespace, Please do not repeat the installation
2018-05-31 15:55:10,924 ERROR   : Install EFK failure,Please check the unload retry
2018-05-31 15:57:42,655 INFO    : Starting install all EFK 
2018-05-31 15:57:42,655 ERROR   : Elasticsearch Node iP is illegal
2018-05-31 15:57:42,655 ERROR   : Install EFK config is illegal
2018-05-31 15:58:01,483 INFO    : Starting install all EFK 
2018-05-31 15:58:01,483 ERROR   : Elasticsearch Node iP is illegal
2018-05-31 15:58:01,483 ERROR   : Install EFK config is illegal
2018-05-31 15:58:19,355 INFO    : Starting install all EFK 
2018-05-31 15:58:19,355 ERROR   : Elasticsearch Node iP is illegal
2018-05-31 15:58:19,355 ERROR   : Install EFK config is illegal
2018-05-31 16:02:05,062 INFO    : Starting install all EFK 
2018-05-31 16:02:05,062 ERROR   : 'str' object has no attribute 'stirp'
2018-05-31 16:02:05,062 ERROR   : Install EFK config is illegal
2018-05-31 16:02:33,352 INFO    : Starting install all EFK 
2018-05-31 16:02:33,352 ERROR   : The elasticsearch node ip is empty
2018-05-31 16:02:33,352 ERROR   : Install EFK config is illegal
2018-05-31 16:02:35,414 INFO    : Starting install all EFK 
2018-05-31 16:02:35,415 ERROR   : The elasticsearch node ip is empty
2018-05-31 16:02:35,415 ERROR   : Install EFK config is illegal
2018-05-31 16:03:10,023 INFO    : Starting install all EFK 
2018-05-31 16:03:10,023 ERROR   : Elasticsearch storage size must be more than 0
2018-05-31 16:03:10,023 ERROR   : Install EFK config is illegal
2018-05-31 16:03:18,587 INFO    : Starting install all EFK 
2018-05-31 16:03:18,587 ERROR   : Elasticsearch storage size must be more than 0
2018-05-31 16:03:18,587 ERROR   : Install EFK config is illegal
2018-05-31 16:03:26,378 INFO    : Starting install all EFK 
2018-05-31 16:03:26,379 ERROR   : invalid literal for int() with base 10: 'asd0'
2018-05-31 16:03:26,379 ERROR   : Install EFK config is illegal
2018-05-31 16:03:42,244 INFO    : Starting install all EFK 
2018-05-31 16:03:42,244 ERROR   : Elasticsearch install wait time must be more than 0
2018-05-31 16:03:42,245 ERROR   : Install EFK config is illegal
2018-05-31 16:03:50,406 INFO    : Starting install all EFK 
2018-05-31 16:03:50,407 ERROR   : Elasticsearch install wait time must be more than 0
2018-05-31 16:03:50,407 ERROR   : Install EFK config is illegal
2018-05-31 16:04:05,284 INFO    : Starting install all EFK 
2018-05-31 16:04:05,284 ERROR   : Fluent Node iP is illegal 
2018-05-31 16:04:05,284 ERROR   : Install EFK config is illegal
2018-05-31 16:04:16,725 INFO    : Starting install all EFK 
2018-05-31 16:04:16,731 ERROR   : Fluent Node iP is illegal 
2018-05-31 16:04:16,731 ERROR   : Install EFK config is illegal
2018-05-31 16:04:25,167 INFO    : Starting install all EFK 
2018-05-31 16:04:25,167 ERROR   : The fluent node ip is empty
2018-05-31 16:04:25,167 ERROR   : Install EFK config is illegal
2018-05-31 16:04:57,211 INFO    : Starting install all EFK 
2018-05-31 16:04:57,211 ERROR   : invalid literal for int() with base 10: ''
2018-05-31 16:04:57,211 ERROR   : Install EFK config is illegal
2018-05-31 16:05:19,557 INFO    : Starting install all EFK 
2018-05-31 16:05:19,557 ERROR   : Fluent install wait time must be more than 0
2018-05-31 16:05:19,557 ERROR   : Install EFK config is illegal
2018-05-31 16:05:28,010 INFO    : Starting install all EFK 
2018-05-31 16:05:28,016 ERROR   : Fluent install wait time must be more than 0
2018-05-31 16:05:28,016 ERROR   : Install EFK config is illegal
2018-05-31 16:05:47,569 INFO    : Starting install all EFK 
2018-05-31 16:05:47,569 ERROR   : Kibana install wait time must be more than 0
2018-05-31 16:05:47,570 ERROR   : Install EFK config is illegal
2018-05-31 16:05:55,381 INFO    : Starting install all EFK 
2018-05-31 16:05:55,382 ERROR   : Kibana install wait time must be more than 0
2018-05-31 16:05:55,382 ERROR   : Install EFK config is illegal
2018-05-31 16:06:03,649 INFO    : Starting install all EFK 
2018-05-31 16:06:03,650 ERROR   : invalid literal for int() with base 10: ''
2018-05-31 16:06:03,650 ERROR   : Install EFK config is illegal
2018-05-31 16:06:13,317 INFO    : Starting install all EFK 
2018-05-31 16:06:13,317 ERROR   : No option 'wait_kibana_time' in section: 'Kibana'
2018-05-31 16:06:13,317 ERROR   : Install EFK config is illegal
2018-05-31 16:07:01,387 INFO    : Starting install all EFK 
2018-05-31 16:07:01,896 ERROR   : Kubernetes Cluster exists EFK namespace, Please do not repeat the installation
2018-05-31 16:07:01,896 ERROR   : Install EFK failure,Please check the unload retry
2018-05-31 16:07:04,198 INFO    : Starting install all EFK 
2018-05-31 16:07:04,754 ERROR   : Kubernetes Cluster exists EFK namespace, Please do not repeat the installation
2018-05-31 16:07:04,755 ERROR   : Install EFK failure,Please check the unload retry
2018-05-31 16:07:24,023 INFO    : Starting install all EFK 
2018-05-31 16:07:24,589 ERROR   : Kubernetes Cluster exists EFK namespace, Please do not repeat the installation
2018-05-31 16:07:24,590 ERROR   : Install EFK failure,Please check the unload retry
2018-05-31 16:16:46,915 INFO    : Starting install all EFK 
2018-05-31 16:16:47,256 INFO    : Starting creating kub-efk namespaces
2018-05-31 16:16:47,596 INFO    : Creating kube-efk namespace success
2018-05-31 16:16:47,604 INFO    : Starting installing elasticsearch cluster
2018-05-31 16:16:50,074 INFO    : Installing elasticsearch cluster success
2018-05-31 16:16:50,074 INFO    : Starting checking elasticsearch cluster health
2018-05-31 16:17:51,258 INFO    : Elasticsearch cluster already in a state of health
2018-05-31 16:17:51,259 INFO    : Starting installing fluent cluster
2018-05-31 16:17:57,321 INFO    : Installing fluent cluster success
2018-05-31 16:17:57,321 INFO    : Starting checking fluent cluster health
2018-05-31 16:18:58,575 INFO    : Fluent cluster already in a state of health
2018-05-31 16:18:58,575 INFO    : Starting installing Kibana 
2018-05-31 16:19:00,362 INFO    : Installing kibana success
2018-05-31 16:19:00,362 INFO    : Starting checking kibana health
2018-05-31 16:19:00,362 INFO    : It takes about 10 minutes,Please be patient
2018-05-31 16:19:00,362 INFO    : At present, the maximum test time is 10 minutes
2018-05-31 16:19:00,363 INFO    : If 10 minutes are still not successful, please check the performance of the machine.
2018-05-31 16:27:13,423 INFO    : Kibana already in a state of health
2018-05-31 16:27:13,424 INFO    : Congratulate,Install all EFK success
2018-05-31 16:27:51,761 INFO    : Starting install all EFK 
2018-05-31 16:27:52,321 ERROR   : Kubernetes Cluster exists EFK namespace, Please do not repeat the installation
2018-05-31 16:27:52,322 ERROR   : Install EFK failure,Please check the unload retry
2018-05-31 16:27:53,836 INFO    : Starting install all EFK 
2018-05-31 16:27:54,513 ERROR   : Kubernetes Cluster exists EFK namespace, Please do not repeat the installation
2018-05-31 16:27:54,519 ERROR   : Install EFK failure,Please check the unload retry
2018-05-31 16:32:58,343 INFO    : Starting install all EFK 
2018-05-31 16:32:58,713 INFO    : Starting creating kub-efk namespaces
2018-05-31 16:32:59,080 INFO    : Creating kube-efk namespace success
2018-05-31 16:32:59,082 INFO    : Starting installing elasticsearch cluster
2018-05-31 16:33:01,951 INFO    : Installing elasticsearch cluster success
2018-05-31 16:33:01,951 INFO    : Starting checking elasticsearch cluster health
2018-05-31 16:34:03,081 INFO    : Elasticsearch cluster already in a state of health
2018-05-31 16:34:03,082 INFO    : Starting installing fluent cluster
2018-05-31 16:34:09,578 INFO    : Installing fluent cluster success
2018-05-31 16:34:09,578 INFO    : Starting checking fluent cluster health
2018-05-31 16:35:10,901 INFO    : Fluent cluster already in a state of health
2018-05-31 16:35:10,901 INFO    : Starting installing Kibana 
2018-05-31 16:35:12,438 INFO    : Installing kibana success
2018-05-31 16:35:12,439 INFO    : Starting checking kibana health
2018-05-31 16:35:12,439 INFO    : It takes about 10 minutes,Please be patient
2018-05-31 16:35:12,439 INFO    : At present, the maximum test time is 10 minutes
2018-05-31 16:35:12,439 INFO    : If 10 minutes are still not successful, please check the performance of the machine.
2018-05-31 16:43:27,442 INFO    : Kibana already in a state of health
2018-05-31 16:43:27,442 INFO    : Congratulate,Install all EFK success
2018-05-31 16:48:23,315 INFO    : Starting install all EFK 
2018-05-31 16:48:23,842 ERROR   : Kubernetes Cluster exists EFK namespace, Please do not repeat the installation
2018-05-31 16:48:23,843 ERROR   : Install EFK failure,Please check the unload retry
2018-05-31 16:48:25,912 INFO    : Starting install all EFK 
2018-05-31 16:48:26,423 ERROR   : Kubernetes Cluster exists EFK namespace, Please do not repeat the installation
2018-05-31 16:48:26,423 ERROR   : Install EFK failure,Please check the unload retry
2018-06-01 08:55:56,429 INFO    : Starting install all EFK 
2018-06-01 08:55:57,082 ERROR   : Kubernetes Cluster exists EFK namespace, Please do not repeat the installation
2018-06-01 08:55:57,082 ERROR   : Install EFK failure,Please check the unload retry
2018-06-01 08:56:05,853 INFO    : Starting install all EFK 
2018-06-01 08:56:06,431 ERROR   : Kubernetes Cluster exists EFK namespace, Please do not repeat the installation
2018-06-01 08:56:06,431 ERROR   : Install EFK failure,Please check the unload retry
2018-06-01 09:00:17,292 INFO    : Starting install all EFK 
2018-06-01 09:00:17,606 INFO    : Starting creating kub-efk namespaces
2018-06-01 09:00:17,962 INFO    : Creating kube-efk namespace success
2018-06-01 09:00:17,970 INFO    : Starting installing elasticsearch cluster
2018-06-01 09:00:20,697 INFO    : Installing elasticsearch cluster success
2018-06-01 09:00:20,698 INFO    : Starting checking elasticsearch cluster health
2018-06-01 09:01:21,835 INFO    : Elasticsearch cluster already in a state of health
2018-06-01 09:01:21,841 INFO    : Starting installing fluent cluster
2018-06-01 09:01:28,463 INFO    : Installing fluent cluster success
2018-06-01 09:01:28,463 INFO    : Starting checking fluent cluster health
2018-06-01 09:02:29,688 INFO    : Fluent cluster already in a state of health
2018-06-01 09:02:29,688 INFO    : Starting installing Kibana 
2018-06-01 09:02:31,367 INFO    : Installing kibana success
2018-06-01 09:02:31,367 INFO    : Starting checking kibana health
2018-06-01 09:02:31,368 INFO    : It takes about 10 minutes,Please be patient
2018-06-01 09:02:31,368 INFO    : At present, the maximum test time is 10 minutes
2018-06-01 09:02:31,368 INFO    : If 10 minutes are still not successful, please check the performance of the machine.
2018-06-01 09:10:48,199 INFO    : Kibana already in a state of health
2018-06-01 09:10:48,206 INFO    : Congratulate,Install all EFK success
2018-06-01 10:56:36,949 INFO    : Starting install all EFK 
2018-06-01 10:56:37,490 ERROR   : Kubernetes Cluster exists EFK namespace, Please do not repeat the installation
2018-06-01 10:56:37,496 ERROR   : Install EFK failure,Please check the unload retry
2018-06-01 11:04:06,949 INFO    : Starting install all EFK 
2018-06-01 11:04:07,489 ERROR   : Kubernetes Cluster exists EFK namespace, Please do not repeat the installation
2018-06-01 11:04:07,490 ERROR   : Install EFK failure,Please check the unload retry
2018-06-01 11:04:10,345 INFO    : Starting install all EFK 
2018-06-01 11:04:10,922 ERROR   : Kubernetes Cluster exists EFK namespace, Please do not repeat the installation
2018-06-01 11:04:10,923 ERROR   : Install EFK failure,Please check the unload retry
